<?xml version="1.0" encoding="UTF-8"?>
<!-- Generated by org.testng.reporters.JUnitReportReporter -->
<testsuite skipped="0" hostname="LAPTOP-JVNL5G83" name="com.automationPractice.qa.PageTest.SignInPageTest" tests="2" failures="0" timestamp="23 Dec 2021 22:47:05 GMT" time="15.268" errors="0">
  <testcase name="verifyLogin" time="8.475" classname="com.automationPractice.qa.PageTest.SignInPageTest"/>
  <testcase name="verifyTitleOfSignInPage" time="6.793" classname="com.automationPractice.qa.PageTest.SignInPageTest"/>
</testsuite> <!-- com.automationPractice.qa.PageTest.SignInPageTest -->
