<?xml version="1.0" encoding="UTF-8"?>
<!-- Generated by org.testng.reporters.JUnitReportReporter -->
<testsuite skipped="0" hostname="LAPTOP-JVNL5G83" name="com.automationPractice.qa.PageTest.ContactUsPageTest" tests="3" failures="0" timestamp="23 Dec 2021 22:47:05 GMT" time="25.547" errors="0">
  <testcase name="sendConatctUsMessage" time="8.490" classname="com.automationPractice.qa.PageTest.ContactUsPageTest"/>
  <testcase name="sendConatctUsMessage" time="7.505" classname="com.automationPractice.qa.PageTest.ContactUsPageTest"/>
  <testcase name="sendConatctUsMessage" time="9.552" classname="com.automationPractice.qa.PageTest.ContactUsPageTest"/>
</testsuite> <!-- com.automationPractice.qa.PageTest.ContactUsPageTest -->
