<?xml version="1.0" encoding="UTF-8"?>
<!-- Generated by org.testng.reporters.JUnitReportReporter -->
<testsuite skipped="0" hostname="LAPTOP-JVNL5G83" name="com.automationPractice.qa.PageTest.OrdeSlipPageTest" tests="2" failures="0" timestamp="23 Dec 2021 22:47:05 GMT" time="18.806" errors="0">
  <testcase name="verifyTitleOfOrderListPage" time="9.033" classname="com.automationPractice.qa.PageTest.OrdeSlipPageTest"/>
  <testcase name="verifyBannerText" time="9.773" classname="com.automationPractice.qa.PageTest.OrdeSlipPageTest"/>
</testsuite> <!-- com.automationPractice.qa.PageTest.OrdeSlipPageTest -->
